{
  "RSpec": {
    "coverage": {
      "/vagrant/novel-anime/app/models/user.rb": [
        1,
        1,
        null,
        null,
        1,
        null,
        1,
        1,
        1,
        null
      ],
      "/vagrant/novel-anime/app/models/application_record.rb": [
        1,
        1,
        null
      ],
      "/vagrant/novel-anime/app/models/admin.rb": [
        1,
        null,
        null,
        1,
        null,
        null
      ],
      "/vagrant/novel-anime/app/helpers/admin/admins_helper.rb": [
        1,
        null
      ],
      "/vagrant/novel-anime/app/helpers/admin/genre_combinations_helper.rb": [
        1,
        null
      ],
      "/vagrant/novel-anime/app/helpers/admin/genres_helper.rb": [
        1,
        null
      ],
      "/vagrant/novel-anime/app/helpers/admin/homes_helper.rb": [
        1,
        null
      ],
      "/vagrant/novel-anime/app/helpers/admin/labels_helper.rb": [
        1,
        null
      ],
      "/vagrant/novel-anime/app/helpers/admin/novels_helper.rb": [
        1,
        null
      ],
      "/vagrant/novel-anime/app/helpers/admin/reviews_helper.rb": [
        1,
        null
      ],
      "/vagrant/novel-anime/app/helpers/admin/user_admin_helper.rb": [
        1,
        null
      ],
      "/vagrant/novel-anime/app/helpers/admin/users_helper.rb": [
        1,
        null
      ],
      "/vagrant/novel-anime/app/helpers/application_helper.rb": [
        1,
        1,
        null,
        1,
        null,
        2,
        2,
        2,
        null,
        2,
        null,
        null,
        2,
        null,
        null
      ],
      "/vagrant/novel-anime/app/helpers/favorites_helper.rb": [
        1,
        null
      ],
      "/vagrant/novel-anime/app/helpers/novels_helper.rb": [
        1,
        null
      ],
      "/vagrant/novel-anime/app/helpers/reviews_helper.rb": [
        1,
        null
      ],
      "/vagrant/novel-anime/app/helpers/users_helper.rb": [
        1,
        null
      ],
      "/vagrant/novel-anime/app/models/favorite.rb": [
        1,
        1,
        1,
        null
      ],
      "/vagrant/novel-anime/app/models/genre_combination.rb": [
        1,
        1,
        1,
        null
      ],
      "/vagrant/novel-anime/app/models/genre.rb": [
        1,
        1,
        1,
        1,
        1,
        null
      ],
      "/vagrant/novel-anime/app/models/label.rb": [
        1,
        1,
        1,
        null
      ],
      "/vagrant/novel-anime/app/models/novel.rb": [
        1,
        1,
        1,
        1,
        1,
        1,
        1,
        1,
        null,
        1,
        null,
        1,
        2,
        null,
        null,
        1,
        2,
        null,
        null,
        1,
        2,
        null,
        null,
        1,
        2,
        null,
        null,
        1,
        0,
        null,
        null,
        null,
        1,
        0,
        null,
        null,
        null,
        null,
        null
      ],
      "/vagrant/novel-anime/app/models/review.rb": [
        1,
        1,
        1,
        1,
        null,
        1,
        0,
        null,
        null,
        null,
        null,
        null
      ],
      "/vagrant/novel-anime/app/controllers/admins/sessions_controller.rb": [
        null,
        null,
        1,
        null,
        null,
        null,
        null,
        null,
        null,
        null,
        null,
        null,
        null,
        null,
        null,
        null,
        null,
        null,
        null,
        null,
        null,
        null,
        null,
        null,
        null,
        null,
        null
      ],
      "/vagrant/novel-anime/app/controllers/application_controller.rb": [
        1,
        1,
        1,
        null,
        1,
        7,
        5,
        null,
        2,
        null,
        null,
        1,
        2,
        1,
        null,
        1,
        null,
        null,
        null,
        1,
        64,
        64,
        null,
        null,
        null,
        null,
        null,
        1,
        1,
        17,
        null,
        null,
        null,
        null
      ],
      "/vagrant/novel-anime/app/controllers/admin/homes_controller.rb": [
        1,
        null,
        1,
        null,
        null
      ],
      "/vagrant/novel-anime/app/controllers/admin/genres_controller.rb": [
        1,
        1,
        1,
        1,
        2,
        null,
        null,
        1,
        2,
        null,
        null,
        1,
        2,
        2,
        1,
        1,
        null,
        1,
        null,
        null,
        null,
        1,
        1,
        1,
        1,
        1,
        null,
        1,
        1,
        2,
        null,
        null
      ],
      "/vagrant/novel-anime/app/controllers/admin/labels_controller.rb": [
        1,
        1,
        1,
        1,
        2,
        null,
        null,
        1,
        2,
        null,
        null,
        1,
        2,
        2,
        1,
        1,
        null,
        1,
        null,
        null,
        null,
        1,
        1,
        1,
        1,
        1,
        null,
        null,
        1,
        1,
        2,
        null,
        null
      ],
      "/vagrant/novel-anime/app/controllers/admin/novels_controller.rb": [
        1,
        1,
        1,
        1,
        2,
        null,
        null,
        1,
        0,
        null,
        null,
        1,
        2,
        null,
        null,
        1,
        1,
        null,
        null,
        1,
        2,
        2,
        1,
        1,
        null,
        1,
        null,
        null,
        null,
        1,
        1,
        1,
        1,
        1,
        1,
        null,
        0,
        null,
        null,
        null,
        1,
        0,
        0,
        0,
        0,
        null,
        null,
        1,
        0,
        0,
        null,
        null,
        1,
        0,
        0,
        null,
        null,
        1,
        1,
        0,
        null,
        null,
        1,
        3,
        null,
        null,
        null,
        null
      ],
      "/vagrant/novel-anime/app/controllers/admin/users_controller.rb": [
        1,
        1,
        1,
        null,
        1,
        5,
        null,
        null,
        1,
        3,
        null,
        null,
        1,
        2,
        2,
        1,
        1,
        null,
        1,
        null,
        null,
        null,
        1,
        1,
        1,
        1,
        1,
        null,
        null,
        1,
        0,
        null,
        null,
        1,
        1,
        2,
        null,
        null
      ],
      "/vagrant/novel-anime/app/controllers/users/sessions_controller.rb": [
        null,
        null,
        1,
        null,
        null,
        null,
        null,
        null,
        null,
        null,
        null,
        null,
        null,
        null,
        null,
        null,
        null,
        null,
        null,
        null,
        null,
        null,
        null,
        null,
        null,
        null,
        null
      ],
      "/vagrant/novel-anime/app/controllers/novels_controller.rb": [
        1,
        1,
        null,
        null,
        1,
        5,
        5,
        5,
        null,
        null,
        1,
        0,
        null,
        null,
        null,
        null,
        1,
        0,
        0,
        0,
        0,
        0,
        null,
        0,
        0,
        0,
        null,
        null,
        null,
        1,
        0,
        0,
        null,
        null,
        1,
        0,
        0,
        0,
        null,
        null,
        1,
        1,
        0,
        null,
        null
      ],
      "/vagrant/novel-anime/app/controllers/users_controller.rb": [
        1,
        1,
        null,
        null,
        1,
        0,
        null,
        null,
        1,
        2,
        null,
        null,
        1,
        1,
        1,
        1,
        1,
        null,
        0,
        null,
        null,
        null,
        1,
        1,
        1,
        1,
        1,
        null,
        null,
        null,
        1,
        1,
        1,
        null,
        1,
        0,
        0,
        0,
        null,
        null,
        null
      ],
      "/vagrant/novel-anime/app/mailers/application_mailer.rb": [
        0,
        0,
        0,
        0
      ],
      "/vagrant/novel-anime/app/jobs/application_job.rb": [
        0,
        0
      ],
      "/vagrant/novel-anime/app/controllers/admin/reviews_controller.rb": [
        0,
        0,
        0,
        0,
        0,
        0,
        null,
        0,
        0,
        0,
        null,
        0,
        0,
        0,
        0,
        0,
        0,
        0,
        0,
        0,
        0,
        null,
        0,
        0,
        0,
        0,
        0,
        0,
        0,
        null,
        0,
        0,
        0,
        0,
        0,
        null,
        null
      ],
      "/vagrant/novel-anime/app/controllers/admins/omniauth_callbacks_controller.rb": [
        null,
        null,
        0,
        null,
        null,
        null,
        null,
        null,
        null,
        null,
        null,
        null,
        null,
        null,
        null,
        null,
        null,
        null,
        null,
        null,
        null,
        null,
        null,
        null,
        null,
        null,
        null,
        null,
        null,
        0
      ],
      "/vagrant/novel-anime/app/controllers/admins/passwords_controller.rb": [
        null,
        null,
        0,
        null,
        null,
        null,
        null,
        null,
        null,
        null,
        null,
        null,
        null,
        null,
        null,
        null,
        null,
        null,
        null,
        null,
        null,
        null,
        null,
        null,
        null,
        null,
        null,
        null,
        null,
        null,
        null,
        null,
        null,
        0
      ],
      "/vagrant/novel-anime/app/controllers/admins/unlocks_controller.rb": [
        null,
        null,
        0,
        null,
        null,
        null,
        null,
        null,
        null,
        null,
        null,
        null,
        null,
        null,
        null,
        null,
        null,
        null,
        null,
        null,
        null,
        null,
        null,
        null,
        null,
        null,
        null,
        null,
        null,
        0
      ],
      "/vagrant/novel-anime/app/controllers/admins/confirmations_controller.rb": [
        null,
        null,
        0,
        null,
        null,
        null,
        null,
        null,
        null,
        null,
        null,
        null,
        null,
        null,
        null,
        null,
        null,
        null,
        null,
        null,
        null,
        null,
        null,
        null,
        null,
        null,
        null,
        null,
        null,
        0
      ],
      "/vagrant/novel-anime/app/controllers/admins/registrations_controller.rb": [
        null,
        null,
        0,
        null,
        null,
        null,
        null,
        null,
        null,
        null,
        null,
        null,
        null,
        null,
        null,
        null,
        null,
        null,
        null,
        null,
        null,
        null,
        null,
        null,
        null,
        null,
        null,
        null,
        null,
        null,
        null,
        null,
        null,
        null,
        null,
        null,
        null,
        null,
        null,
        null,
        null,
        null,
        null,
        null,
        null,
        null,
        null,
        null,
        null,
        null,
        null,
        null,
        null,
        null,
        null,
        null,
        null,
        null,
        null,
        null,
        null,
        0
      ],
      "/vagrant/novel-anime/app/controllers/users/omniauth_callbacks_controller.rb": [
        null,
        null,
        0,
        null,
        null,
        null,
        null,
        null,
        null,
        null,
        null,
        null,
        null,
        null,
        null,
        null,
        null,
        null,
        null,
        null,
        null,
        null,
        null,
        null,
        null,
        null,
        null,
        null,
        null,
        0
      ],
      "/vagrant/novel-anime/app/controllers/users/passwords_controller.rb": [
        null,
        null,
        0,
        null,
        null,
        null,
        null,
        null,
        null,
        null,
        null,
        null,
        null,
        null,
        null,
        null,
        null,
        null,
        null,
        null,
        null,
        null,
        null,
        null,
        null,
        null,
        null,
        null,
        null,
        null,
        null,
        null,
        null,
        0
      ],
      "/vagrant/novel-anime/app/controllers/users/unlocks_controller.rb": [
        null,
        null,
        0,
        null,
        null,
        null,
        null,
        null,
        null,
        null,
        null,
        null,
        null,
        null,
        null,
        null,
        null,
        null,
        null,
        null,
        null,
        null,
        null,
        null,
        null,
        null,
        null,
        null,
        null,
        0
      ],
      "/vagrant/novel-anime/app/controllers/users/confirmations_controller.rb": [
        null,
        null,
        0,
        null,
        null,
        null,
        null,
        null,
        null,
        null,
        null,
        null,
        null,
        null,
        null,
        null,
        null,
        null,
        null,
        null,
        null,
        null,
        null,
        null,
        null,
        null,
        null,
        null,
        null,
        0
      ],
      "/vagrant/novel-anime/app/controllers/users/registrations_controller.rb": [
        null,
        null,
        0,
        null,
        null,
        null,
        null,
        null,
        null,
        null,
        null,
        null,
        null,
        null,
        null,
        null,
        null,
        null,
        null,
        null,
        null,
        null,
        null,
        null,
        null,
        null,
        null,
        null,
        null,
        null,
        null,
        null,
        null,
        null,
        null,
        null,
        null,
        null,
        null,
        null,
        null,
        null,
        null,
        null,
        null,
        null,
        null,
        null,
        null,
        null,
        null,
        null,
        null,
        null,
        null,
        null,
        null,
        null,
        null,
        null,
        null,
        0
      ],
      "/vagrant/novel-anime/app/controllers/reviews_controller.rb": [
        0,
        0,
        0,
        null,
        0,
        0,
        0,
        0,
        null,
        null,
        0,
        0,
        0,
        null,
        0,
        0,
        0,
        null,
        0,
        0,
        0,
        0,
        0,
        0,
        0,
        0,
        0,
        0,
        0,
        null,
        0,
        0,
        0,
        0,
        0,
        0,
        0,
        0,
        0,
        0,
        null,
        0,
        0,
        0,
        0,
        0,
        0,
        0,
        null,
        0,
        0,
        0,
        0,
        0
      ],
      "/vagrant/novel-anime/app/channels/application_cable/connection.rb": [
        0,
        0,
        0,
        0
      ],
      "/vagrant/novel-anime/app/channels/application_cable/channel.rb": [
        0,
        0,
        0,
        0
      ]
    },
    "timestamp": 1577967960
  }
}
